TN:
SF:/home/p4st1s/ghq/github.com/p4st1s/my_secmalloc/mysec/src/my_secmalloc.c
FN:25,my_log
FNDA:5482,my_log
FN:44,init_metadata
FNDA:13,init_metadata
FN:76,find_empty_block
FNDA:190,find_empty_block
FN:101,my_malloc
FNDA:189,my_malloc
FN:148,alloc_data_notempty
FNDA:83,alloc_data_notempty
FN:179,alloc_data_empty
FNDA:106,alloc_data_empty
FN:206,alloc_data
FNDA:189,alloc_data
FN:237,my_free
FNDA:190,my_free
FN:265,my_merge
FNDA:190,my_merge
FN:287,get_chunck
FNDA:1,get_chunck
FN:311,my_realloc
FNDA:1,my_realloc
FN:380,my_calloc
FNDA:1,my_calloc
FN:400,my_whoami
FNDA:391,my_whoami
FN:420,mygetlist
FNDA:0,mygetlist
DA:25,5482
DA:29,5482
DA:30,5482
DA:31,5482
DA:32,5482
DA:33,5482
DA:34,5482
DA:35,5482
DA:36,5482
DA:37,5482
DA:44,13
DA:46,13
DA:47,13
DA:48,13
DA:49,13
DA:51,0
DA:52,0
DA:54,13
DA:55,13
DA:56,13
DA:57,13
DA:58,13
DA:59,13
DA:60,13
DA:61,13
DA:62,13
DA:63,13
DA:64,13
DA:65,13
DA:66,13
DA:76,190
DA:78,190
DA:79,190
DA:80,6338
DA:82,6255
DA:86,107
DA:87,107
DA:89,6148
DA:91,83
DA:92,83
DA:101,189
DA:103,189
DA:106,189
DA:108,0
DA:109,0
DA:110,0
DA:114,189
DA:116,11
DA:117,11
DA:118,11
DA:120,0
DA:121,0
DA:122,0
DA:127,189
DA:128,189
DA:130,0
DA:131,0
DA:132,0
DA:137,189
DA:138,189
DA:148,83
DA:150,83
DA:151,83
DA:152,83
DA:153,83
DA:154,83
DA:155,83
DA:156,83
DA:157,83
DA:158,83
DA:159,83
DA:160,83
DA:161,83
DA:162,83
DA:163,83
DA:164,83
DA:165,83
DA:166,83
DA:167,83
DA:168,83
DA:169,83
DA:179,106
DA:181,106
DA:182,106
DA:183,106
DA:184,106
DA:185,106
DA:186,106
DA:187,106
DA:188,106
DA:189,106
DA:190,106
DA:191,106
DA:193,19
DA:195,106
DA:196,106
DA:197,106
DA:198,106
DA:206,189
DA:208,189
DA:210,189
DA:211,189
DA:213,83
DA:214,83
DA:215,83
DA:219,106
DA:220,106
DA:221,106
DA:237,190
DA:239,190
DA:240,190
DA:241,2770
DA:243,2744
DA:245,164
DA:247,1
DA:248,1
DA:250,163
DA:251,163
DA:253,2580
DA:256,190
DA:257,190
DA:265,190
DA:267,190
DA:268,8586
DA:270,8616
DA:272,220
DA:273,220
DA:275,8396
DA:277,190
DA:278,190
DA:287,1
DA:289,1
DA:290,1
DA:291,1
DA:293,1
DA:295,1
DA:296,1
DA:298,0
DA:300,0
DA:301,0
DA:311,1
DA:313,1
DA:316,1
DA:318,0
DA:319,0
DA:323,1
DA:325,0
DA:326,0
DA:327,0
DA:331,1
DA:334,1
DA:336,0
DA:337,0
DA:338,0
DA:342,1
DA:344,0
DA:345,0
DA:349,1
DA:352,1
DA:354,0
DA:355,0
DA:359,1
DA:362,1
DA:364,1
DA:367,1
DA:380,1
DA:382,1
DA:383,1
DA:384,1
DA:386,0
DA:387,0
DA:389,1
DA:390,1
DA:391,1
DA:400,391
DA:402,391
DA:403,391
DA:404,391
DA:405,391
DA:406,391
DA:407,391
DA:408,391
DA:409,391
DA:411,391
DA:412,391
DA:420,0
DA:422,0
DA:423,0
DA:424,0
DA:425,0
DA:427,0
DA:428,0
DA:430,0
DA:431,0
DA:432,0
end_of_record
TN:
SF:/home/p4st1s/ghq/github.com/p4st1s/my_secmalloc/mysec/test/test.c
FN:10,mmap_simple_jmp
FNDA:1,mmap_simple_jmp
FN:10,mmap_simple_impl
FNDA:1,mmap_simple_impl
FN:19,my_malloc_basic_allocation_jmp
FNDA:1,my_malloc_basic_allocation_jmp
FN:19,my_malloc_basic_allocation_impl
FNDA:1,my_malloc_basic_allocation_impl
FN:26,my_malloc_allocation_and_write_jmp
FNDA:1,my_malloc_allocation_and_write_jmp
FN:26,my_malloc_allocation_and_write_impl
FNDA:1,my_malloc_allocation_and_write_impl
FN:35,my_malloc_multiple_allocations_jmp
FNDA:1,my_malloc_multiple_allocations_jmp
FN:35,my_malloc_multiple_allocations_impl
FNDA:1,my_malloc_multiple_allocations_impl
FN:51,my_malloc_fragmentation_jmp
FNDA:1,my_malloc_fragmentation_jmp
FN:51,my_malloc_fragmentation_impl
FNDA:1,my_malloc_fragmentation_impl
FN:70,my_malloc_reallocate_memory_jmp
FNDA:1,my_malloc_reallocate_memory_jmp
FN:70,my_malloc_reallocate_memory_impl
FNDA:1,my_malloc_reallocate_memory_impl
FN:78,my_calloc_allocate_and_zero_memory_impl
FNDA:1,my_calloc_allocate_and_zero_memory_impl
FN:78,my_calloc_allocate_and_zero_memory_jmp
FNDA:1,my_calloc_allocate_and_zero_memory_jmp
FN:89,init_metadata_initialize_jmp
FNDA:1,init_metadata_initialize_jmp
FN:89,init_metadata_initialize_impl
FNDA:1,init_metadata_initialize_impl
FN:96,find_empty_block_find_block_jmp
FNDA:1,find_empty_block_find_block_jmp
FN:96,find_empty_block_find_block_impl
FNDA:1,find_empty_block_find_block_impl
FN:110,my_malloc_random_allocations_jmp
FNDA:1,my_malloc_random_allocations_jmp
FN:110,my_malloc_random_allocations_impl
FNDA:1,my_malloc_random_allocations_impl
FN:125,my_malloc_random_allocations_with_frees_jmp
FNDA:1,my_malloc_random_allocations_with_frees_jmp
FN:125,my_malloc_random_allocations_with_frees_impl
FNDA:1,my_malloc_random_allocations_with_frees_impl
FN:154,my_malloc_buffer_overflow_detection_jmp
FNDA:1,my_malloc_buffer_overflow_detection_jmp
FN:154,my_malloc_buffer_overflow_detection_impl
FNDA:1,my_malloc_buffer_overflow_detection_impl
FN:166,my_malloc_double_free_detection_jmp
FNDA:1,my_malloc_double_free_detection_jmp
FN:166,my_malloc_double_free_detection_impl
FNDA:1,my_malloc_double_free_detection_impl
FN:176,my_malloc_use_after_free_detection_impl
FNDA:1,my_malloc_use_after_free_detection_impl
FN:176,my_malloc_use_after_free_detection_jmp
FNDA:1,my_malloc_use_after_free_detection_jmp
DA:10,1
DA:11,1
DA:12,1
DA:13,1
DA:14,1
DA:15,1
DA:16,1
DA:10,1
DA:19,1
DA:20,1
DA:21,1
DA:22,1
DA:23,1
DA:24,1
DA:19,1
DA:26,1
DA:27,1
DA:28,1
DA:29,1
DA:30,1
DA:31,1
DA:32,1
DA:33,1
DA:26,1
DA:35,1
DA:36,1
DA:37,1
DA:38,1
DA:39,1
DA:40,1
DA:41,1
DA:42,1
DA:43,1
DA:44,1
DA:45,1
DA:46,1
DA:47,1
DA:48,1
DA:49,1
DA:35,1
DA:51,1
DA:52,1
DA:53,1
DA:54,1
DA:55,1
DA:56,1
DA:57,1
DA:58,1
DA:59,1
DA:60,1
DA:61,1
DA:62,1
DA:63,1
DA:64,1
DA:65,1
DA:66,1
DA:67,1
DA:68,1
DA:51,1
DA:70,1
DA:71,1
DA:72,1
DA:73,1
DA:74,1
DA:75,1
DA:76,1
DA:70,1
DA:78,1
DA:79,1
DA:80,1
DA:81,1
DA:82,201
DA:83,200
DA:85,1
DA:86,1
DA:78,1
DA:89,1
DA:90,1
DA:91,1
DA:92,1
DA:93,1
DA:89,1
DA:96,1
DA:97,1
DA:98,1
DA:99,1
DA:100,1
DA:101,1
DA:102,1
DA:103,1
DA:104,1
DA:105,1
DA:106,1
DA:107,1
DA:96,1
DA:110,1
DA:111,1
DA:112,1
DA:113,1
DA:114,87
DA:115,86
DA:116,86
DA:117,86
DA:119,87
DA:120,86
DA:122,1
DA:123,1
DA:110,1
DA:125,1
DA:126,1
DA:127,1
DA:128,1
DA:129,1
DA:130,87
DA:131,86
DA:132,86
DA:133,86
DA:134,86
DA:135,86
DA:138,66
DA:139,66
DA:140,42
DA:141,42
DA:144,87
DA:145,86
DA:146,44
DA:149,1
DA:150,1
DA:151,1
DA:125,1
DA:154,1
DA:155,1
DA:156,1
DA:157,1
DA:158,1
DA:159,151
DA:160,150
DA:163,1
DA:164,1
DA:154,1
DA:166,1
DA:167,1
DA:168,1
DA:169,1
DA:170,1
DA:172,1
DA:174,1
DA:166,1
DA:176,1
DA:177,1
DA:178,1
DA:179,1
DA:180,1
DA:181,1
DA:182,1
DA:184,1
DA:176,1
end_of_record
